<?xml version="1.0" encoding="UTF-8"?>
<testng-results skipped="0" failed="0" total="2" passed="2">
  <reporter-output>
  </reporter-output>
  <suite name="Default suite" duration-ms="20826" started-at="2019-12-08T14:25:56Z" finished-at="2019-12-08T14:26:17Z">
    <groups>
    </groups>
    <test name="Default test" duration-ms="20826" started-at="2019-12-08T14:25:56Z" finished-at="2019-12-08T14:26:17Z">
      <class name="com.jbk.DataDriven">
        <test-method status="PASS" signature="setUp()[pri:0, instance:com.jbk.DataDriven@e45eb6]" name="setUp" is-config="true" duration-ms="6899" started-at="2019-12-08T19:55:57Z" finished-at="2019-12-08T19:56:04Z">
          <reporter-output>
          </reporter-output>
        </test-method> <!-- setUp -->
        <test-method status="PASS" signature="AdminLteLoginPageTest(java.lang.String, java.lang.String)[pri:0, instance:com.jbk.DataDriven@e45eb6]" name="AdminLteLoginPageTest" duration-ms="2359" started-at="2019-12-08T19:56:04Z" data-provider="getTestData" finished-at="2019-12-08T19:56:07Z">
          <params>
            <param index="0">
              <value>
                <![CDATA[abc]]>
              </value>
            </param>
            <param index="1">
              <value>
                <![CDATA[123.0]]>
              </value>
            </param>
          </params>
          <reporter-output>
          </reporter-output>
        </test-method> <!-- AdminLteLoginPageTest -->
        <test-method status="PASS" signature="tearDown()[pri:0, instance:com.jbk.DataDriven@e45eb6]" name="tearDown" is-config="true" duration-ms="1298" started-at="2019-12-08T19:56:07Z" finished-at="2019-12-08T19:56:08Z">
          <reporter-output>
          </reporter-output>
        </test-method> <!-- tearDown -->
        <test-method status="PASS" signature="setUp()[pri:0, instance:com.jbk.DataDriven@e45eb6]" name="setUp" is-config="true" duration-ms="5922" started-at="2019-12-08T19:56:08Z" finished-at="2019-12-08T19:56:14Z">
          <reporter-output>
          </reporter-output>
        </test-method> <!-- setUp -->
        <test-method status="PASS" signature="AdminLteLoginPageTest(java.lang.String, java.lang.String)[pri:0, instance:com.jbk.DataDriven@e45eb6]" name="AdminLteLoginPageTest" duration-ms="2332" started-at="2019-12-08T19:56:14Z" data-provider="getTestData" finished-at="2019-12-08T19:56:16Z">
          <params>
            <param index="0">
              <value>
                <![CDATA[xyz]]>
              </value>
            </param>
            <param index="1">
              <value>
                <![CDATA[345.0]]>
              </value>
            </param>
          </params>
          <reporter-output>
          </reporter-output>
        </test-method> <!-- AdminLteLoginPageTest -->
        <test-method status="PASS" signature="tearDown()[pri:0, instance:com.jbk.DataDriven@e45eb6]" name="tearDown" is-config="true" duration-ms="1109" started-at="2019-12-08T19:56:16Z" finished-at="2019-12-08T19:56:17Z">
          <reporter-output>
          </reporter-output>
        </test-method> <!-- tearDown -->
      </class> <!-- com.jbk.DataDriven -->
    </test> <!-- Default test -->
  </suite> <!-- Default suite -->
</testng-results>
